<?xml version="1.0" encoding="UTF-8"?>
<testng-results ignored="0" total="9" passed="9" failed="0" skipped="0">
  <reporter-output>
  </reporter-output>
  <suite started-at="2025-02-05T12:37:28 IST" name="Default suite" finished-at="2025-02-05T12:38:30 IST" duration-ms="61796">
    <groups>
      <group name="cucumber">
        <method signature="AbstractTestNGCucumberTests.runScenario(io.cucumber.testng.PickleWrapper,io.cucumber.testng.FeatureWrapper)[pri:0, instance:testRunnerClass.TestRunner@707194ba]" name="runScenario" class="io.cucumber.testng.AbstractTestNGCucumberTests"/>
      </group> <!-- cucumber -->
    </groups>
    <test started-at="2025-02-05T12:37:28 IST" name="Default test" finished-at="2025-02-05T12:38:30 IST" duration-ms="61796">
      <class name="testRunnerClass.TestRunner">
        <test-method is-config="true" signature="setUpClass(org.testng.ITestContext)[pri:0, instance:testRunnerClass.TestRunner@707194ba]" started-at="2025-02-05T12:37:28 IST" name="setUpClass" finished-at="2025-02-05T12:37:28 IST" duration-ms="548" status="PASS">
          <params>
            <param index="0">
              <value>
                <![CDATA[org.testng.TestRunner@88b76f2]]>
              </value>
            </param>
          </params>
          <reporter-output>
          </reporter-output>
        </test-method> <!-- setUpClass -->
        <test-method signature="runScenario(io.cucumber.testng.PickleWrapper,io.cucumber.testng.FeatureWrapper)[pri:0, instance:testRunnerClass.TestRunner@707194ba]" started-at="2025-02-05T12:37:28 IST" name="runScenario" description="Runs Cucumber Scenarios" data-provider="scenarios" finished-at="2025-02-05T12:37:34 IST" duration-ms="5351" status="PASS">
          <params>
            <param index="0">
              <value>
                <![CDATA["Validation of Login Credentials"]]>
              </value>
            </param>
            <param index="1">
              <value>
                <![CDATA["Adactin Hotel Booking Validation"]]>
              </value>
            </param>
          </params>
          <reporter-output>
          </reporter-output>
        </test-method> <!-- runScenario -->
        <test-method signature="runScenario(io.cucumber.testng.PickleWrapper,io.cucumber.testng.FeatureWrapper)[pri:0, instance:testRunnerClass.TestRunner@707194ba]" started-at="2025-02-05T12:37:34 IST" name="runScenario" description="Runs Cucumber Scenarios" data-provider="scenarios" finished-at="2025-02-05T12:37:38 IST" duration-ms="4391" status="PASS">
          <params>
            <param index="0">
              <value>
                <![CDATA["Validation of invalid Login Credentials"]]>
              </value>
            </param>
            <param index="1">
              <value>
                <![CDATA["Adactin Hotel Booking Validation"]]>
              </value>
            </param>
          </params>
          <reporter-output>
          </reporter-output>
        </test-method> <!-- runScenario -->
        <test-method signature="runScenario(io.cucumber.testng.PickleWrapper,io.cucumber.testng.FeatureWrapper)[pri:0, instance:testRunnerClass.TestRunner@707194ba]" started-at="2025-02-05T12:37:38 IST" name="runScenario" description="Runs Cucumber Scenarios" data-provider="scenarios" finished-at="2025-02-05T12:37:43 IST" duration-ms="4596" status="PASS">
          <params>
            <param index="0">
              <value>
                <![CDATA["Validation of invalid Login Credentials"]]>
              </value>
            </param>
            <param index="1">
              <value>
                <![CDATA["Adactin Hotel Booking Validation"]]>
              </value>
            </param>
          </params>
          <reporter-output>
          </reporter-output>
        </test-method> <!-- runScenario -->
        <test-method signature="runScenario(io.cucumber.testng.PickleWrapper,io.cucumber.testng.FeatureWrapper)[pri:0, instance:testRunnerClass.TestRunner@707194ba]" started-at="2025-02-05T12:37:43 IST" name="runScenario" description="Runs Cucumber Scenarios" data-provider="scenarios" finished-at="2025-02-05T12:37:47 IST" duration-ms="4165" status="PASS">
          <params>
            <param index="0">
              <value>
                <![CDATA["Validation of invalid Login Credentials"]]>
              </value>
            </param>
            <param index="1">
              <value>
                <![CDATA["Adactin Hotel Booking Validation"]]>
              </value>
            </param>
          </params>
          <reporter-output>
          </reporter-output>
        </test-method> <!-- runScenario -->
        <test-method signature="runScenario(io.cucumber.testng.PickleWrapper,io.cucumber.testng.FeatureWrapper)[pri:0, instance:testRunnerClass.TestRunner@707194ba]" started-at="2025-02-05T12:37:47 IST" name="runScenario" description="Runs Cucumber Scenarios" data-provider="scenarios" finished-at="2025-02-05T12:37:51 IST" duration-ms="4380" status="PASS">
          <params>
            <param index="0">
              <value>
                <![CDATA["Validation of invalid Login Credentials"]]>
              </value>
            </param>
            <param index="1">
              <value>
                <![CDATA["Adactin Hotel Booking Validation"]]>
              </value>
            </param>
          </params>
          <reporter-output>
          </reporter-output>
        </test-method> <!-- runScenario -->
        <test-method signature="runScenario(io.cucumber.testng.PickleWrapper,io.cucumber.testng.FeatureWrapper)[pri:0, instance:testRunnerClass.TestRunner@707194ba]" started-at="2025-02-05T12:37:51 IST" name="runScenario" description="Runs Cucumber Scenarios" data-provider="scenarios" finished-at="2025-02-05T12:37:55 IST" duration-ms="4219" status="PASS">
          <params>
            <param index="0">
              <value>
                <![CDATA["Validation of invalid Login Credentials"]]>
              </value>
            </param>
            <param index="1">
              <value>
                <![CDATA["Adactin Hotel Booking Validation"]]>
              </value>
            </param>
          </params>
          <reporter-output>
          </reporter-output>
        </test-method> <!-- runScenario -->
        <test-method signature="runScenario(io.cucumber.testng.PickleWrapper,io.cucumber.testng.FeatureWrapper)[pri:0, instance:testRunnerClass.TestRunner@707194ba]" started-at="2025-02-05T12:37:55 IST" name="runScenario" description="Runs Cucumber Scenarios" data-provider="scenarios" finished-at="2025-02-05T12:38:11 IST" duration-ms="15312" status="PASS">
          <params>
            <param index="0">
              <value>
                <![CDATA["Seaching the hotels validation"]]>
              </value>
            </param>
            <param index="1">
              <value>
                <![CDATA["Adactin Hotel - Search Hotel"]]>
              </value>
            </param>
          </params>
          <reporter-output>
          </reporter-output>
        </test-method> <!-- runScenario -->
        <test-method signature="runScenario(io.cucumber.testng.PickleWrapper,io.cucumber.testng.FeatureWrapper)[pri:0, instance:testRunnerClass.TestRunner@707194ba]" started-at="2025-02-05T12:38:11 IST" name="runScenario" description="Runs Cucumber Scenarios" data-provider="scenarios" finished-at="2025-02-05T12:38:24 IST" duration-ms="12772" status="PASS">
          <params>
            <param index="0">
              <value>
                <![CDATA["Seaching the hotels validation"]]>
              </value>
            </param>
            <param index="1">
              <value>
                <![CDATA["Adactin Hotel - Search Hotel"]]>
              </value>
            </param>
          </params>
          <reporter-output>
          </reporter-output>
        </test-method> <!-- runScenario -->
        <test-method signature="runScenario(io.cucumber.testng.PickleWrapper,io.cucumber.testng.FeatureWrapper)[pri:0, instance:testRunnerClass.TestRunner@707194ba]" started-at="2025-02-05T12:38:24 IST" name="runScenario" description="Runs Cucumber Scenarios" data-provider="scenarios" finished-at="2025-02-05T12:38:29 IST" duration-ms="5950" status="PASS">
          <params>
            <param index="0">
              <value>
                <![CDATA["Validation of Cancel Booking"]]>
              </value>
            </param>
            <param index="1">
              <value>
                <![CDATA["Adactin Hotel - Cancel Booking"]]>
              </value>
            </param>
          </params>
          <reporter-output>
          </reporter-output>
        </test-method> <!-- runScenario -->
        <test-method is-config="true" signature="tearDownClass()[pri:0, instance:testRunnerClass.TestRunner@707194ba]" started-at="2025-02-05T12:38:29 IST" name="tearDownClass" finished-at="2025-02-05T12:38:30 IST" duration-ms="59" status="PASS">
          <reporter-output>
          </reporter-output>
        </test-method> <!-- tearDownClass -->
      </class> <!-- testRunnerClass.TestRunner -->
    </test> <!-- Default test -->
  </suite> <!-- Default suite -->
</testng-results>
