<?xml version="1.0" encoding="UTF-8"?>
<testng-results ignored="0" total="1" passed="1" failed="0" skipped="0">
  <reporter-output>
  </reporter-output>
  <suite started-at="2025-01-27T17:41:42 IST" name="Default suite" finished-at="2025-01-27T17:41:50 IST" duration-ms="7960">
    <groups>
      <group name="cucumber">
        <method signature="AbstractTestNGCucumberTests.runScenario(io.cucumber.testng.PickleWrapper,io.cucumber.testng.FeatureWrapper)[pri:0, instance:testRunner_SauceDemo.TestRunnerSauceDemo@5c90e579]" name="runScenario" class="io.cucumber.testng.AbstractTestNGCucumberTests"/>
      </group> <!-- cucumber -->
    </groups>
    <test started-at="2025-01-27T17:41:42 IST" name="Default test" finished-at="2025-01-27T17:41:50 IST" duration-ms="7960">
      <class name="testRunner_SauceDemo.TestRunnerSauceDemo">
        <test-method is-config="true" signature="setUpClass(org.testng.ITestContext)[pri:0, instance:testRunner_SauceDemo.TestRunnerSauceDemo@5c90e579]" started-at="2025-01-27T17:41:42 IST" name="setUpClass" finished-at="2025-01-27T17:41:42 IST" duration-ms="560" status="PASS">
          <params>
            <param index="0">
              <value>
                <![CDATA[org.testng.TestRunner@1d50a7ca]]>
              </value>
            </param>
          </params>
          <reporter-output>
          </reporter-output>
        </test-method> <!-- setUpClass -->
        <test-method signature="runScenario(io.cucumber.testng.PickleWrapper,io.cucumber.testng.FeatureWrapper)[pri:0, instance:testRunner_SauceDemo.TestRunnerSauceDemo@5c90e579]" started-at="2025-01-27T17:41:42 IST" name="runScenario" description="Runs Cucumber Scenarios" data-provider="scenarios" finished-at="2025-01-27T17:41:50 IST" duration-ms="7272" status="PASS">
          <params>
            <param index="0">
              <value>
                <![CDATA["Validation of filers"]]>
              </value>
            </param>
            <param index="1">
              <value>
                <![CDATA["Filter validation"]]>
              </value>
            </param>
          </params>
          <reporter-output>
          </reporter-output>
        </test-method> <!-- runScenario -->
        <test-method is-config="true" signature="tearDownClass()[pri:0, instance:testRunner_SauceDemo.TestRunnerSauceDemo@5c90e579]" started-at="2025-01-27T17:41:50 IST" name="tearDownClass" finished-at="2025-01-27T17:41:50 IST" duration-ms="67" status="PASS">
          <reporter-output>
          </reporter-output>
        </test-method> <!-- tearDownClass -->
      </class> <!-- testRunner_SauceDemo.TestRunnerSauceDemo -->
    </test> <!-- Default test -->
  </suite> <!-- Default suite -->
</testng-results>
