<?xml version="1.0" encoding="UTF-8"?>
<testng-results ignored="0" total="9" passed="9" failed="0" skipped="0">
  <reporter-output>
  </reporter-output>
  <suite started-at="2025-02-04T17:28:34 IST" name="Default suite" finished-at="2025-02-04T17:28:36 IST" duration-ms="1956">
    <groups>
      <group name="cucumber">
        <method signature="AbstractTestNGCucumberTests.runScenario(io.cucumber.testng.PickleWrapper,io.cucumber.testng.FeatureWrapper)[pri:0, instance:testRunnerClass.TestRunner@707194ba]" name="runScenario" class="io.cucumber.testng.AbstractTestNGCucumberTests"/>
      </group> <!-- cucumber -->
    </groups>
    <test started-at="2025-02-04T17:28:34 IST" name="Default test" finished-at="2025-02-04T17:28:36 IST" duration-ms="1956">
      <class name="testRunnerClass.TestRunner">
        <test-method is-config="true" signature="setUpClass(org.testng.ITestContext)[pri:0, instance:testRunnerClass.TestRunner@707194ba]" started-at="2025-02-04T17:28:34 IST" name="setUpClass" finished-at="2025-02-04T17:28:35 IST" duration-ms="1346" status="PASS">
          <params>
            <param index="0">
              <value>
                <![CDATA[org.testng.TestRunner@7a34b7b8]]>
              </value>
            </param>
          </params>
          <reporter-output>
          </reporter-output>
        </test-method> <!-- setUpClass -->
        <test-method signature="runScenario(io.cucumber.testng.PickleWrapper,io.cucumber.testng.FeatureWrapper)[pri:0, instance:testRunnerClass.TestRunner@707194ba]" started-at="2025-02-04T17:28:35 IST" name="runScenario" description="Runs Cucumber Scenarios" data-provider="scenarios" finished-at="2025-02-04T17:28:36 IST" duration-ms="171" status="PASS">
          <params>
            <param index="0">
              <value>
                <![CDATA["Validation of Login Credentials"]]>
              </value>
            </param>
            <param index="1">
              <value>
                <![CDATA["Adactin Hotel Booking Validation"]]>
              </value>
            </param>
          </params>
          <reporter-output>
          </reporter-output>
        </test-method> <!-- runScenario -->
        <test-method signature="runScenario(io.cucumber.testng.PickleWrapper,io.cucumber.testng.FeatureWrapper)[pri:0, instance:testRunnerClass.TestRunner@707194ba]" started-at="2025-02-04T17:28:36 IST" name="runScenario" description="Runs Cucumber Scenarios" data-provider="scenarios" finished-at="2025-02-04T17:28:36 IST" duration-ms="28" status="PASS">
          <params>
            <param index="0">
              <value>
                <![CDATA["Validation of invalid Login Credentials"]]>
              </value>
            </param>
            <param index="1">
              <value>
                <![CDATA["Adactin Hotel Booking Validation"]]>
              </value>
            </param>
          </params>
          <reporter-output>
          </reporter-output>
        </test-method> <!-- runScenario -->
        <test-method signature="runScenario(io.cucumber.testng.PickleWrapper,io.cucumber.testng.FeatureWrapper)[pri:0, instance:testRunnerClass.TestRunner@707194ba]" started-at="2025-02-04T17:28:36 IST" name="runScenario" description="Runs Cucumber Scenarios" data-provider="scenarios" finished-at="2025-02-04T17:28:36 IST" duration-ms="24" status="PASS">
          <params>
            <param index="0">
              <value>
                <![CDATA["Validation of invalid Login Credentials"]]>
              </value>
            </param>
            <param index="1">
              <value>
                <![CDATA["Adactin Hotel Booking Validation"]]>
              </value>
            </param>
          </params>
          <reporter-output>
          </reporter-output>
        </test-method> <!-- runScenario -->
        <test-method signature="runScenario(io.cucumber.testng.PickleWrapper,io.cucumber.testng.FeatureWrapper)[pri:0, instance:testRunnerClass.TestRunner@707194ba]" started-at="2025-02-04T17:28:36 IST" name="runScenario" description="Runs Cucumber Scenarios" data-provider="scenarios" finished-at="2025-02-04T17:28:36 IST" duration-ms="20" status="PASS">
          <params>
            <param index="0">
              <value>
                <![CDATA["Validation of invalid Login Credentials"]]>
              </value>
            </param>
            <param index="1">
              <value>
                <![CDATA["Adactin Hotel Booking Validation"]]>
              </value>
            </param>
          </params>
          <reporter-output>
          </reporter-output>
        </test-method> <!-- runScenario -->
        <test-method signature="runScenario(io.cucumber.testng.PickleWrapper,io.cucumber.testng.FeatureWrapper)[pri:0, instance:testRunnerClass.TestRunner@707194ba]" started-at="2025-02-04T17:28:36 IST" name="runScenario" description="Runs Cucumber Scenarios" data-provider="scenarios" finished-at="2025-02-04T17:28:36 IST" duration-ms="21" status="PASS">
          <params>
            <param index="0">
              <value>
                <![CDATA["Validation of invalid Login Credentials"]]>
              </value>
            </param>
            <param index="1">
              <value>
                <![CDATA["Adactin Hotel Booking Validation"]]>
              </value>
            </param>
          </params>
          <reporter-output>
          </reporter-output>
        </test-method> <!-- runScenario -->
        <test-method signature="runScenario(io.cucumber.testng.PickleWrapper,io.cucumber.testng.FeatureWrapper)[pri:0, instance:testRunnerClass.TestRunner@707194ba]" started-at="2025-02-04T17:28:36 IST" name="runScenario" description="Runs Cucumber Scenarios" data-provider="scenarios" finished-at="2025-02-04T17:28:36 IST" duration-ms="24" status="PASS">
          <params>
            <param index="0">
              <value>
                <![CDATA["Validation of invalid Login Credentials"]]>
              </value>
            </param>
            <param index="1">
              <value>
                <![CDATA["Adactin Hotel Booking Validation"]]>
              </value>
            </param>
          </params>
          <reporter-output>
          </reporter-output>
        </test-method> <!-- runScenario -->
        <test-method signature="runScenario(io.cucumber.testng.PickleWrapper,io.cucumber.testng.FeatureWrapper)[pri:0, instance:testRunnerClass.TestRunner@707194ba]" started-at="2025-02-04T17:28:36 IST" name="runScenario" description="Runs Cucumber Scenarios" data-provider="scenarios" finished-at="2025-02-04T17:28:36 IST" duration-ms="27" status="PASS">
          <params>
            <param index="0">
              <value>
                <![CDATA["Seaching the hotels validation"]]>
              </value>
            </param>
            <param index="1">
              <value>
                <![CDATA["Adactin Hotel - Search Hotel"]]>
              </value>
            </param>
          </params>
          <reporter-output>
          </reporter-output>
        </test-method> <!-- runScenario -->
        <test-method signature="runScenario(io.cucumber.testng.PickleWrapper,io.cucumber.testng.FeatureWrapper)[pri:0, instance:testRunnerClass.TestRunner@707194ba]" started-at="2025-02-04T17:28:36 IST" name="runScenario" description="Runs Cucumber Scenarios" data-provider="scenarios" finished-at="2025-02-04T17:28:36 IST" duration-ms="16" status="PASS">
          <params>
            <param index="0">
              <value>
                <![CDATA["Seaching the hotels validation"]]>
              </value>
            </param>
            <param index="1">
              <value>
                <![CDATA["Adactin Hotel - Search Hotel"]]>
              </value>
            </param>
          </params>
          <reporter-output>
          </reporter-output>
        </test-method> <!-- runScenario -->
        <test-method signature="runScenario(io.cucumber.testng.PickleWrapper,io.cucumber.testng.FeatureWrapper)[pri:0, instance:testRunnerClass.TestRunner@707194ba]" started-at="2025-02-04T17:28:36 IST" name="runScenario" description="Runs Cucumber Scenarios" data-provider="scenarios" finished-at="2025-02-04T17:28:36 IST" duration-ms="10" status="PASS">
          <params>
            <param index="0">
              <value>
                <![CDATA["Validation of Cancel Booking"]]>
              </value>
            </param>
            <param index="1">
              <value>
                <![CDATA["Adactin Hotel - Cancel Booking"]]>
              </value>
            </param>
          </params>
          <reporter-output>
          </reporter-output>
        </test-method> <!-- runScenario -->
        <test-method is-config="true" signature="tearDownClass()[pri:0, instance:testRunnerClass.TestRunner@707194ba]" started-at="2025-02-04T17:28:36 IST" name="tearDownClass" finished-at="2025-02-04T17:28:36 IST" duration-ms="83" status="PASS">
          <reporter-output>
          </reporter-output>
        </test-method> <!-- tearDownClass -->
      </class> <!-- testRunnerClass.TestRunner -->
    </test> <!-- Default test -->
  </suite> <!-- Default suite -->
</testng-results>
